This is pdfTeX, Version 3.1415926-2.6-1.40.14 (TeX Live 2014/dev) (format=pdflatex 2015.1.20)  28 AUG 2015 14:19
entering extended mode
 restricted \write18 enabled.
 %&-line parsing enabled.
**\input Vmmr.tex
(./Vmmr.tex (/usr/share/texlive/texmf-dist/tex/latex/base/article.cls
Document Class: article 2007/10/19 v1.4h Standard LaTeX document class
(/usr/share/texlive/texmf-dist/tex/latex/base/size10.clo
File: size10.clo 2007/10/19 v1.4h Standard LaTeX file (size option)
)
\c@part=\count79
\c@section=\count80
\c@subsection=\count81
\c@subsubsection=\count82
\c@paragraph=\count83
\c@subparagraph=\count84
\c@figure=\count85
\c@table=\count86
\abovecaptionskip=\skip41
\belowcaptionskip=\skip42
\bibindent=\dimen102
)
(/usr/share/texlive/texmf-dist/tex/latex/cjk/texinput/CJKutf8.sty
Package: CJKutf8 2012/05/07 4.8.3

(/usr/share/texlive/texmf-dist/tex/generic/oberdiek/ifpdf.sty
Package: ifpdf 2011/01/30 v2.3 Provides the ifpdf switch (HO)
Package ifpdf Info: pdfTeX in PDF mode is detected.
)
(/usr/share/texlive/texmf-dist/tex/latex/base/inputenc.sty
Package: inputenc 2008/03/30 v1.1d Input encoding file
\inpenc@prehook=\toks14
\inpenc@posthook=\toks15

(/usr/share/texlive/texmf-dist/tex/latex/base/utf8.def
File: utf8.def 2008/04/05 v1.1m UTF-8 support for inputenc
Now handling font encoding OML ...
... no UTF-8 mapping file for font encoding OML
Now handling font encoding T1 ...
... processing UTF-8 mapping file for font encoding T1

(/usr/share/texlive/texmf-dist/tex/latex/base/t1enc.dfu
File: t1enc.dfu 2008/04/05 v1.1m UTF-8 support for inputenc
   defining Unicode char U+00A1 (decimal 161)
   defining Unicode char U+00A3 (decimal 163)
   defining Unicode char U+00AB (decimal 171)
   defining Unicode char U+00BB (decimal 187)
   defining Unicode char U+00BF (decimal 191)
   defining Unicode char U+00C0 (decimal 192)
   defining Unicode char U+00C1 (decimal 193)
   defining Unicode char U+00C2 (decimal 194)
   defining Unicode char U+00C3 (decimal 195)
   defining Unicode char U+00C4 (decimal 196)
   defining Unicode char U+00C5 (decimal 197)
   defining Unicode char U+00C6 (decimal 198)
   defining Unicode char U+00C7 (decimal 199)
   defining Unicode char U+00C8 (decimal 200)
   defining Unicode char U+00C9 (decimal 201)
   defining Unicode char U+00CA (decimal 202)
   defining Unicode char U+00CB (decimal 203)
   defining Unicode char U+00CC (decimal 204)
   defining Unicode char U+00CD (decimal 205)
   defining Unicode char U+00CE (decimal 206)
   defining Unicode char U+00CF (decimal 207)
   defining Unicode char U+00D0 (decimal 208)
   defining Unicode char U+00D1 (decimal 209)
   defining Unicode char U+00D2 (decimal 210)
   defining Unicode char U+00D3 (decimal 211)
   defining Unicode char U+00D4 (decimal 212)
   defining Unicode char U+00D5 (decimal 213)
   defining Unicode char U+00D6 (decimal 214)
   defining Unicode char U+00D8 (decimal 216)
   defining Unicode char U+00D9 (decimal 217)
   defining Unicode char U+00DA (decimal 218)
   defining Unicode char U+00DB (decimal 219)
   defining Unicode char U+00DC (decimal 220)
   defining Unicode char U+00DD (decimal 221)
   defining Unicode char U+00DE (decimal 222)
   defining Unicode char U+00DF (decimal 223)
   defining Unicode char U+00E0 (decimal 224)
   defining Unicode char U+00E1 (decimal 225)
   defining Unicode char U+00E2 (decimal 226)
   defining Unicode char U+00E3 (decimal 227)
   defining Unicode char U+00E4 (decimal 228)
   defining Unicode char U+00E5 (decimal 229)
   defining Unicode char U+00E6 (decimal 230)
   defining Unicode char U+00E7 (decimal 231)
   defining Unicode char U+00E8 (decimal 232)
   defining Unicode char U+00E9 (decimal 233)
   defining Unicode char U+00EA (decimal 234)
   defining Unicode char U+00EB (decimal 235)
   defining Unicode char U+00EC (decimal 236)
   defining Unicode char U+00ED (decimal 237)
   defining Unicode char U+00EE (decimal 238)
   defining Unicode char U+00EF (decimal 239)
   defining Unicode char U+00F0 (decimal 240)
   defining Unicode char U+00F1 (decimal 241)
   defining Unicode char U+00F2 (decimal 242)
   defining Unicode char U+00F3 (decimal 243)
   defining Unicode char U+00F4 (decimal 244)
   defining Unicode char U+00F5 (decimal 245)
   defining Unicode char U+00F6 (decimal 246)
   defining Unicode char U+00F8 (decimal 248)
   defining Unicode char U+00F9 (decimal 249)
   defining Unicode char U+00FA (decimal 250)
   defining Unicode char U+00FB (decimal 251)
   defining Unicode char U+00FC (decimal 252)
   defining Unicode char U+00FD (decimal 253)
   defining Unicode char U+00FE (decimal 254)
   defining Unicode char U+00FF (decimal 255)
   defining Unicode char U+0102 (decimal 258)
   defining Unicode char U+0103 (decimal 259)
   defining Unicode char U+0104 (decimal 260)
   defining Unicode char U+0105 (decimal 261)
   defining Unicode char U+0106 (decimal 262)
   defining Unicode char U+0107 (decimal 263)
   defining Unicode char U+010C (decimal 268)
   defining Unicode char U+010D (decimal 269)
   defining Unicode char U+010E (decimal 270)
   defining Unicode char U+010F (decimal 271)
   defining Unicode char U+0110 (decimal 272)
   defining Unicode char U+0111 (decimal 273)
   defining Unicode char U+0118 (decimal 280)
   defining Unicode char U+0119 (decimal 281)
   defining Unicode char U+011A (decimal 282)
   defining Unicode char U+011B (decimal 283)
   defining Unicode char U+011E (decimal 286)
   defining Unicode char U+011F (decimal 287)
   defining Unicode char U+0130 (decimal 304)
   defining Unicode char U+0131 (decimal 305)
   defining Unicode char U+0132 (decimal 306)
   defining Unicode char U+0133 (decimal 307)
   defining Unicode char U+0139 (decimal 313)
   defining Unicode char U+013A (decimal 314)
   defining Unicode char U+013D (decimal 317)
   defining Unicode char U+013E (decimal 318)
   defining Unicode char U+0141 (decimal 321)
   defining Unicode char U+0142 (decimal 322)
   defining Unicode char U+0143 (decimal 323)
   defining Unicode char U+0144 (decimal 324)
   defining Unicode char U+0147 (decimal 327)
   defining Unicode char U+0148 (decimal 328)
   defining Unicode char U+014A (decimal 330)
   defining Unicode char U+014B (decimal 331)
   defining Unicode char U+0150 (decimal 336)
   defining Unicode char U+0151 (decimal 337)
   defining Unicode char U+0152 (decimal 338)
   defining Unicode char U+0153 (decimal 339)
   defining Unicode char U+0154 (decimal 340)
   defining Unicode char U+0155 (decimal 341)
   defining Unicode char U+0158 (decimal 344)
   defining Unicode char U+0159 (decimal 345)
   defining Unicode char U+015A (decimal 346)
   defining Unicode char U+015B (decimal 347)
   defining Unicode char U+015E (decimal 350)
   defining Unicode char U+015F (decimal 351)
   defining Unicode char U+0160 (decimal 352)
   defining Unicode char U+0161 (decimal 353)
   defining Unicode char U+0162 (decimal 354)
   defining Unicode char U+0163 (decimal 355)
   defining Unicode char U+0164 (decimal 356)
   defining Unicode char U+0165 (decimal 357)
   defining Unicode char U+016E (decimal 366)
   defining Unicode char U+016F (decimal 367)
   defining Unicode char U+0170 (decimal 368)
   defining Unicode char U+0171 (decimal 369)
   defining Unicode char U+0178 (decimal 376)
   defining Unicode char U+0179 (decimal 377)
   defining Unicode char U+017A (decimal 378)
   defining Unicode char U+017B (decimal 379)
   defining Unicode char U+017C (decimal 380)
   defining Unicode char U+017D (decimal 381)
   defining Unicode char U+017E (decimal 382)
   defining Unicode char U+200C (decimal 8204)
   defining Unicode char U+2013 (decimal 8211)
   defining Unicode char U+2014 (decimal 8212)
   defining Unicode char U+2018 (decimal 8216)
   defining Unicode char U+2019 (decimal 8217)
   defining Unicode char U+201A (decimal 8218)
   defining Unicode char U+201C (decimal 8220)
   defining Unicode char U+201D (decimal 8221)
   defining Unicode char U+201E (decimal 8222)
   defining Unicode char U+2030 (decimal 8240)
   defining Unicode char U+2031 (decimal 8241)
   defining Unicode char U+2039 (decimal 8249)
   defining Unicode char U+203A (decimal 8250)
   defining Unicode char U+2423 (decimal 9251)
)
Now handling font encoding OT1 ...
... processing UTF-8 mapping file for font encoding OT1

(/usr/share/texlive/texmf-dist/tex/latex/base/ot1enc.dfu
File: ot1enc.dfu 2008/04/05 v1.1m UTF-8 support for inputenc
   defining Unicode char U+00A1 (decimal 161)
   defining Unicode char U+00A3 (decimal 163)
   defining Unicode char U+00B8 (decimal 184)
   defining Unicode char U+00BF (decimal 191)
   defining Unicode char U+00C5 (decimal 197)
   defining Unicode char U+00C6 (decimal 198)
   defining Unicode char U+00D8 (decimal 216)
   defining Unicode char U+00DF (decimal 223)
   defining Unicode char U+00E6 (decimal 230)
   defining Unicode char U+00EC (decimal 236)
   defining Unicode char U+00ED (decimal 237)
   defining Unicode char U+00EE (decimal 238)
   defining Unicode char U+00EF (decimal 239)
   defining Unicode char U+00F8 (decimal 248)
   defining Unicode char U+0131 (decimal 305)
   defining Unicode char U+0141 (decimal 321)
   defining Unicode char U+0142 (decimal 322)
   defining Unicode char U+0152 (decimal 338)
   defining Unicode char U+0153 (decimal 339)
   defining Unicode char U+2013 (decimal 8211)
   defining Unicode char U+2014 (decimal 8212)
   defining Unicode char U+2018 (decimal 8216)
   defining Unicode char U+2019 (decimal 8217)
   defining Unicode char U+201C (decimal 8220)
   defining Unicode char U+201D (decimal 8221)
)
Now handling font encoding OMS ...
... processing UTF-8 mapping file for font encoding OMS

(/usr/share/texlive/texmf-dist/tex/latex/base/omsenc.dfu
File: omsenc.dfu 2008/04/05 v1.1m UTF-8 support for inputenc
   defining Unicode char U+00A7 (decimal 167)
   defining Unicode char U+00B6 (decimal 182)
   defining Unicode char U+00B7 (decimal 183)
   defining Unicode char U+2020 (decimal 8224)
   defining Unicode char U+2021 (decimal 8225)
   defining Unicode char U+2022 (decimal 8226)
)
Now handling font encoding OMX ...
... no UTF-8 mapping file for font encoding OMX
Now handling font encoding U ...
... no UTF-8 mapping file for font encoding U
   defining Unicode char U+00A9 (decimal 169)
   defining Unicode char U+00AA (decimal 170)
   defining Unicode char U+00AE (decimal 174)
   defining Unicode char U+00BA (decimal 186)
   defining Unicode char U+02C6 (decimal 710)
   defining Unicode char U+02DC (decimal 732)
   defining Unicode char U+200C (decimal 8204)
   defining Unicode char U+2026 (decimal 8230)
   defining Unicode char U+2122 (decimal 8482)
   defining Unicode char U+2423 (decimal 9251)
))
(/usr/share/texlive/texmf-dist/tex/latex/cjk/texinput/CJK.sty
Package: CJK 2012/05/07 4.8.3

(/usr/share/texlive/texmf-dist/tex/latex/cjk/texinput/mule/MULEenc.sty
Package: MULEenc 2012/05/07 4.8.3
)
(/usr/share/texlive/texmf-dist/tex/latex/cjk/texinput/CJK.enc
File: CJK.enc 2012/05/07 4.8.3
Now handling font encoding C00 ...
... no UTF-8 mapping file for font encoding C00
Now handling font encoding C05 ...
... no UTF-8 mapping file for font encoding C05
Now handling font encoding C09 ...
... no UTF-8 mapping file for font encoding C09
Now handling font encoding C10 ...
... no UTF-8 mapping file for font encoding C10
Now handling font encoding C20 ...
... no UTF-8 mapping file for font encoding C20
Now handling font encoding C19 ...
... no UTF-8 mapping file for font encoding C19
Now handling font encoding C40 ...
... no UTF-8 mapping file for font encoding C40
Now handling font encoding C42 ...
... no UTF-8 mapping file for font encoding C42
Now handling font encoding C43 ...
... no UTF-8 mapping file for font encoding C43
Now handling font encoding C50 ...
... no UTF-8 mapping file for font encoding C50
Now handling font encoding C52 ...
... no UTF-8 mapping file for font encoding C52
Now handling font encoding C49 ...
... no UTF-8 mapping file for font encoding C49
Now handling font encoding C60 ...
... no UTF-8 mapping file for font encoding C60
Now handling font encoding C61 ...
... no UTF-8 mapping file for font encoding C61
Now handling font encoding C63 ...
... no UTF-8 mapping file for font encoding C63
Now handling font encoding C64 ...
... no UTF-8 mapping file for font encoding C64
Now handling font encoding C65 ...
... no UTF-8 mapping file for font encoding C65
Now handling font encoding C70 ...
... no UTF-8 mapping file for font encoding C70
Now handling font encoding C31 ...
... no UTF-8 mapping file for font encoding C31
Now handling font encoding C32 ...
... no UTF-8 mapping file for font encoding C32
Now handling font encoding C33 ...
... no UTF-8 mapping file for font encoding C33
Now handling font encoding C34 ...
... no UTF-8 mapping file for font encoding C34
Now handling font encoding C35 ...
... no UTF-8 mapping file for font encoding C35
Now handling font encoding C36 ...
... no UTF-8 mapping file for font encoding C36
Now handling font encoding C37 ...
... no UTF-8 mapping file for font encoding C37
Now handling font encoding C80 ...
... no UTF-8 mapping file for font encoding C80
Now handling font encoding C81 ...
... no UTF-8 mapping file for font encoding C81
Now handling font encoding C01 ...
... no UTF-8 mapping file for font encoding C01
Now handling font encoding C11 ...
... no UTF-8 mapping file for font encoding C11
Now handling font encoding C21 ...
... no UTF-8 mapping file for font encoding C21
Now handling font encoding C41 ...
... no UTF-8 mapping file for font encoding C41
Now handling font encoding C62 ...
... no UTF-8 mapping file for font encoding C62
)
LaTeX Info: Redefining \selectfont on input line 755.
\CJK@indent=\box26
)
(/usr/share/texlive/texmf-dist/tex/latex/base/fontenc.sty
Package: fontenc 2005/09/27 v1.99g Standard LaTeX package
))
(/usr/share/texlive/texmf-dist/tex/latex/graphics/color.sty
Package: color 2005/11/14 v1.0j Standard LaTeX Color (DPC)

(/usr/share/texlive/texmf-dist/tex/latex/latexconfig/color.cfg
File: color.cfg 2007/01/18 v1.5 color configuration of teTeX/TeXLive
)
Package color Info: Driver file: pdftex.def on input line 130.

(/usr/share/texlive/texmf-dist/tex/latex/pdftex-def/pdftex.def
File: pdftex.def 2011/05/27 v0.06d Graphics/color for pdfTeX

(/usr/share/texlive/texmf-dist/tex/generic/oberdiek/infwarerr.sty
Package: infwarerr 2010/04/08 v1.3 Providing info/warning/error messages (HO)
)
(/usr/share/texlive/texmf-dist/tex/generic/oberdiek/ltxcmds.sty
Package: ltxcmds 2011/11/09 v1.22 LaTeX kernel commands for general use (HO)
)
\Gread@gobject=\count87
)) (./Vmmr.aux)
\openout1 = `Vmmr.aux'.

LaTeX Font Info:    Checking defaults for OML/cmm/m/it on input line 11.
LaTeX Font Info:    ... okay on input line 11.
LaTeX Font Info:    Checking defaults for T1/cmr/m/n on input line 11.
LaTeX Font Info:    ... okay on input line 11.
LaTeX Font Info:    Checking defaults for OT1/cmr/m/n on input line 11.
LaTeX Font Info:    ... okay on input line 11.
LaTeX Font Info:    Checking defaults for OMS/cmsy/m/n on input line 11.
LaTeX Font Info:    ... okay on input line 11.
LaTeX Font Info:    Checking defaults for OMX/cmex/m/n on input line 11.
LaTeX Font Info:    ... okay on input line 11.
LaTeX Font Info:    Checking defaults for U/cmr/m/n on input line 11.
LaTeX Font Info:    ... okay on input line 11.
LaTeX Font Info:    Checking defaults for C00/song/m/n on input line 11.
LaTeX Font Info:    ... okay on input line 11.
LaTeX Font Info:    Checking defaults for C05/song/m/n on input line 11.
LaTeX Font Info:    ... okay on input line 11.
LaTeX Font Info:    Checking defaults for C09/song/m/n on input line 11.
LaTeX Font Info:    ... okay on input line 11.
LaTeX Font Info:    Checking defaults for C10/song/m/n on input line 11.
LaTeX Font Info:    ... okay on input line 11.
LaTeX Font Info:    Checking defaults for C20/song/m/n on input line 11.
LaTeX Font Info:    ... okay on input line 11.
LaTeX Font Info:    Checking defaults for C19/song/m/n on input line 11.
LaTeX Font Info:    ... okay on input line 11.
LaTeX Font Info:    Checking defaults for C40/song/m/n on input line 11.
LaTeX Font Info:    ... okay on input line 11.
LaTeX Font Info:    Checking defaults for C42/song/m/n on input line 11.
LaTeX Font Info:    ... okay on input line 11.
LaTeX Font Info:    Checking defaults for C43/song/m/n on input line 11.
LaTeX Font Info:    ... okay on input line 11.
LaTeX Font Info:    Checking defaults for C50/song/m/n on input line 11.
LaTeX Font Info:    ... okay on input line 11.
LaTeX Font Info:    Checking defaults for C52/song/m/n on input line 11.
LaTeX Font Info:    ... okay on input line 11.
LaTeX Font Info:    Checking defaults for C49/song/m/n on input line 11.
LaTeX Font Info:    ... okay on input line 11.
LaTeX Font Info:    Checking defaults for C60/mj/m/n on input line 11.
LaTeX Font Info:    ... okay on input line 11.
LaTeX Font Info:    Checking defaults for C61/mj/m/n on input line 11.
LaTeX Font Info:    ... okay on input line 11.
LaTeX Font Info:    Checking defaults for C63/mj/m/n on input line 11.
LaTeX Font Info:    ... okay on input line 11.
LaTeX Font Info:    Checking defaults for C64/mj/m/n on input line 11.
LaTeX Font Info:    ... okay on input line 11.
LaTeX Font Info:    Checking defaults for C65/mj/m/n on input line 11.
LaTeX Font Info:    ... okay on input line 11.
LaTeX Font Info:    Checking defaults for C70/song/m/n on input line 11.
LaTeX Font Info:    ... okay on input line 11.
LaTeX Font Info:    Checking defaults for C31/song/m/n on input line 11.
LaTeX Font Info:    ... okay on input line 11.
LaTeX Font Info:    Checking defaults for C32/song/m/n on input line 11.
LaTeX Font Info:    ... okay on input line 11.
LaTeX Font Info:    Checking defaults for C33/song/m/n on input line 11.
LaTeX Font Info:    ... okay on input line 11.
LaTeX Font Info:    Checking defaults for C34/song/m/n on input line 11.
LaTeX Font Info:    ... okay on input line 11.
LaTeX Font Info:    Checking defaults for C35/song/m/n on input line 11.
LaTeX Font Info:    ... okay on input line 11.
LaTeX Font Info:    Checking defaults for C36/song/m/n on input line 11.
LaTeX Font Info:    ... okay on input line 11.
LaTeX Font Info:    Checking defaults for C37/song/m/n on input line 11.
LaTeX Font Info:    ... okay on input line 11.
LaTeX Font Info:    Checking defaults for C80/song/m/n on input line 11.
LaTeX Font Info:    ... okay on input line 11.
LaTeX Font Info:    Checking defaults for C81/song/m/n on input line 11.
LaTeX Font Info:    ... okay on input line 11.
LaTeX Font Info:    Checking defaults for C01/song/m/n on input line 11.
LaTeX Font Info:    ... okay on input line 11.
LaTeX Font Info:    Checking defaults for C11/song/m/n on input line 11.
LaTeX Font Info:    ... okay on input line 11.
LaTeX Font Info:    Checking defaults for C21/song/m/n on input line 11.
LaTeX Font Info:    ... okay on input line 11.
LaTeX Font Info:    Checking defaults for C41/song/m/n on input line 11.
LaTeX Font Info:    ... okay on input line 11.
LaTeX Font Info:    Checking defaults for C62/song/m/n on input line 11.
LaTeX Font Info:    ... okay on input line 11.
(/usr/share/texlive/texmf-dist/tex/context/base/supp-pdf.mkii
[Loading MPS to PDF converter (version 2006.09.02).]
\scratchcounter=\count88
\scratchdimen=\dimen103
\scratchbox=\box27
\nofMPsegments=\count89
\nofMParguments=\count90
\everyMPshowfont=\toks16
\MPscratchCnt=\count91
\MPscratchDim=\dimen104
\MPnumerator=\count92
\makeMPintoPDFobject=\count93
\everyMPtoPDFconversion=\toks17
) (/usr/share/texlive/texmf-dist/tex/latex/cjk/texinput/UTF8/UTF8.bdg
File: UTF8.bdg 2012/05/07 4.8.3
)
(/usr/share/texlive/texmf-dist/tex/latex/cjk/texinput/UTF8/UTF8.enc
File: UTF8.enc 2012/05/07 4.8.3
)
(/usr/share/texlive/texmf-dist/tex/latex/cjk/texinput/UTF8/UTF8.chr
File: UTF8.chr 2012/05/07 4.8.3
)
LaTeX Font Info:    Try loading font information for C70+gbsn on input line 20.


(/usr/share/texlive/texmf-dist/tex/latex/cjk/texinput/UTF8/c70gbsn.fd
File: c70gbsn.fd 2012/05/07 4.8.3
)
(/usr/share/texlive/texmf-dist/tex/latex/cjk/texinput/UTF8/c70gbsn.fdx
File: c70gbsn.fdx 2012/05/07 4.8.3
)
LaTeX Font Info:    External font `cmex10' loaded for size
(Font)              <12> on input line 20.
LaTeX Font Info:    External font `cmex10' loaded for size
(Font)              <8> on input line 20.
LaTeX Font Info:    External font `cmex10' loaded for size
(Font)              <6> on input line 20.

Underfull \hbox (badness 10000) in paragraph at lines 34--35

 []

LaTeX Font Info:    Try loading font information for OMS+cmr on input line 39.
(/usr/share/texlive/texmf-dist/tex/latex/base/omscmr.fd
File: omscmr.fd 1999/05/25 v2.5h Standard LaTeX font definitions
)
LaTeX Font Info:    Font shape `OMS/cmr/m/n' in size <10> not available
(Font)              Font shape `OMS/cmsy/m/n' tried instead on input line 39.

Overfull \hbox (24.5117pt too wide) in paragraph at lines 39--41
\OT1/cmr/m/n/10 e.g.: \C70/gbsn/m/n/10/ff ^\OT1/cmr/m/n/10 /Projects/Vmmr/Data/
V1[]AAuMColor/V1[]AAuMColor 
 []


Underfull \hbox (badness 10000) in paragraph at lines 39--41

 []


Underfull \hbox (badness 10000) in paragraph at lines 42--43

 []


Underfull \hbox (badness 10000) in paragraph at lines 44--45

 []


Underfull \hbox (badness 10000) in paragraph at lines 45--46

 []


Overfull \hbox (26.75612pt too wide) in paragraph at lines 46--48
[]\OT1/cmr/m/n/10 -sh Is-Rand-Shuf-fle, -RandomShuffle Is-Rand-Shuf-fle:(Defaul
t=1,yes)
 []


Underfull \hbox (badness 10000) in paragraph at lines 46--48

 []


Overfull \hbox (2.25595pt too wide) in paragraph at lines 48--49
[]\OT1/cmr/m/n/10 -tgn Train-Test-Group-Num, -TrainTestGroupNum Train-Test-
 []


Overfull \hbox (2.54774pt too wide) in paragraph at lines 48--49
\OT1/cmr/m/n/10 Group-Num: (De-fault=1)Train and test la-bel list group num-
 []


Underfull \hbox (badness 10000) in paragraph at lines 48--49

 []

[1

{/usr/share/texlive/texmf-dist/fonts/map/pdftex/updmap/pdftex.map}]
LaTeX Font Info:    External font `cmex10' loaded for size
(Font)              <7> on input line 51.
LaTeX Font Info:    External font `cmex10' loaded for size
(Font)              <5> on input line 51.

Overfull \hbox (87.8187pt too wide) in paragraph at lines 50--52
[]\OT1/cmr/m/it/10 CreateLabelTrainTest.py $\OMS/cmsy/m/n/10 ^^X$\OT1/cmr/m/it/
10 /Projects/Vmmr/Data/V1[]AAuMColor/V1[]AAuMColor[] 
 []


Underfull \hbox (badness 10000) in paragraph at lines 54--57

 []


Underfull \hbox (badness 10000) in paragraph at lines 58--60

 []


Overfull \hbox (64.25127pt too wide) in paragraph at lines 61--62
\OT1/cmr/m/n/10 model folder. E.g.:  $\OMS/cmsy/m/n/10 ^^X$\OT1/cmr/m/it/10 /Pr
ojects/VehicleRecog/Data/V1[]AAuMColor/Test 
 []


Overfull \hbox (34.9945pt too wide) in paragraph at lines 67--69
[]\OT1/cmr/m/it/10 CreateTestList.py $\OMS/cmsy/m/n/10 ^^X$\OT1/cmr/m/it/10 /Pr
ojects/VehicleRecog/Data/V1[]AAuMColor/Test[] 
 []


Underfull \hbox (badness 10000) in paragraph at lines 72--74

 []


Overfull \hbox (9.45277pt too wide) in paragraph at lines 75--78
[]\OT1/cmr/m/it/10 convert[]imagesetex DataSet-NameVer(eg. V0, Pre-proc-Type-ID
s(sep
 []


Overfull \hbox (50.01459pt too wide) in paragraph at lines 75--78
\OT1/cmr/m/it/10 by":") PatchIDs(sep by ":") NewWidth Aug-ment-Num(<AugTrain:Au
gTest>)
 []


Overfull \hbox (0.78038pt too wide) in paragraph at lines 75--78
\OT1/cmr/m/it/10 Func-Code(TestOrTrain, 0:testonly,1:tainonly,2: both) Is-NewLd
b
 []


Underfull \hbox (badness 10000) in paragraph at lines 75--78

 []

[2]
Overfull \hbox (45.68913pt too wide) in paragraph at lines 91--96
[]\C70/gbsn/m/n/10/8b ¡[][] \C70/gbsn/bx/n/10/7b —[][] \C70/gbsn/m/n/10/68 7[][
] \C70/gbsn/bx/n/10/67 ,[][] \C70/gbsn/m/n/10/76 „[][] \C70/gbsn/bx/n/10/57 G[]
[] \C70/gbsn/bx/n/10/50 <[][] \C70/gbsn/m/n/10/30 ^^B \C70/gbsn/m/n/10/8f Ù \C7
0/gbsn/m/n/10/91 Ì \C70/gbsn/m/n/10/4f ^^? \C70/gbsn/m/n/10/75 ( \C70/gbsn/m/n/
10/8b ­ \C70/gbsn/m/n/10/7e Ã \C70/gbsn/m/n/10/68 7 \C70/gbsn/bx/n/10/67 , \C70
/gbsn/m/n/10/76 „\OT1/cmr/m/n/10 leveldb\C70/gbsn/m/n/10/4f \ \C70/gbsn/m/n/10/
4e :\OT1/cmr/m/n/10 caffe\C70/gbsn/m/n/10/5d å \C70/gbsn/m/n/10/51 w\OT1/cmr/m/
n/10 compute[]image[]mean\C70/gbsn/m/n/10/76 „
 []


Overfull \hbox (56.79529pt too wide) in paragraph at lines 91--96
\OT1/cmr/m/it/10 usage: DNN-Make-model[]PrepareData.py [-h] [-ttlid Train-TestL
is-tID] DATASET[]NAME
 []


Underfull \hbox (badness 10000) in paragraph at lines 97--98

 []


Underfull \hbox (badness 10000) in paragraph at lines 99--101

 []


Overfull \hbox (54.2227pt too wide) in paragraph at lines 101--102
[]\C70/gbsn/m/n/10/4e ^^@ \C70/gbsn/m/n/10/5b š \C70/gbsn/m/n/10/89  \C70/gbsn
/m/n/10/68 À \C70/gbsn/bx/n/10/67 å \C70/gbsn/m/n/10/75 ^^_ \C70/gbsn/m/n/10/62
 ^^P \C70/gbsn/m/n/10/76 „\OT1/cmr/m/n/10 make-label\C70/gbsn/m/n/10/54 Œ\OT1/c
mr/m/n/10 makemodel-label\C70/gbsn/m/n/10/76 „ \C70/gbsn/m/n/10/5b W \C70/gbsn/
m/n/10/51 x \C70/gbsn/m/n/10/4e - \C70/gbsn/m/n/10/ff ^^L\OT1/cmr/m/n/10 make\C
70/gbsn/m/n/10/53 Ê\OT1/cmr/m/n/10 makemodel\C70/gbsn/m/n/10/66 /
 []


Underfull \hbox (badness 10000) in paragraph at lines 105--113

 []


Underfull \hbox (badness 10000) in paragraph at lines 105--113

 []

[3]
Overfull \hbox (0.82771pt too wide) in paragraph at lines 131--133
\C70/gbsn/m/n/10/90 ^^Z \C70/gbsn/bx/n/10/8f Ç \C70/gbsn/m/n/10/8c ^^C \C70/gbs
n/m/n/10/75 ($\OML/cmm/m/it/10 ShowClassNumHist:py$\C70/gbsn/m/n/10/54 Œ$\OML/c
mm/m/it/10 ExtractSubDataSet:py$\C70/gbsn/m/n/10/4e $ * \C70/gbsn/m/n/10/81 ^^Z
 \C70/gbsn/bx/n/10/67 , e \C70/gbsn/bx/n/10/5b Œ
 []


Underfull \hbox (badness 10000) in paragraph at lines 131--133

 []

[4] (./Vmmr.aux) ) 
Here is how much of TeX's memory you used:
 3268 strings out of 495034
 39648 string characters out of 6181677
 91210 words of memory out of 5000000
 6274 multiletter control sequences out of 15000+600000
 31536 words of font info for 112 fonts, out of 8000000 for 9000
 14 hyphenation exceptions out of 8191
 30i,6n,22p,300b,990s stack positions out of 5000i,500n,10000p,200000b,80000s
</usr/share/texlive/texmf-dist/fonts/type1/public/amsfonts/cm
/cmbx10.pfb></usr/share/texlive/texmf-dist/fonts/type1/public/amsfonts/cm/cmbx1
2.pfb></usr/share/texlive/texmf-dist/fonts/type1/public/amsfonts/cm/cmbx9.pfb><
/usr/share/texlive/texmf-dist/fonts/type1/public/amsfonts/cm/cmmi10.pfb></usr/s
hare/texlive/texmf-dist/fonts/type1/public/amsfonts/cm/cmr10.pfb></usr/share/te
xlive/texmf-dist/fonts/type1/public/amsfonts/cm/cmr12.pfb></usr/share/texlive/t
exmf-dist/fonts/type1/public/amsfonts/cm/cmr17.pfb></usr/share/texlive/texmf-di
st/fonts/type1/public/amsfonts/cm/cmsy10.pfb></usr/share/texlive/texmf-dist/fon
ts/type1/public/amsfonts/cm/cmti10.pfb></usr/share/texlive/texmf-dist/fonts/typ
e1/public/amsfonts/cm/cmti12.pfb></usr/share/texlive/texmf-dist/fonts/type1/arp
hic/gbsnu/gbsnu30.pfb></usr/share/texlive/texmf-dist/fonts/type1/arphic/gbsnu/g
bsnu4e.pfb></usr/share/texlive/texmf-dist/fonts/type1/arphic/gbsnu/gbsnu4f.pfb>
</usr/share/texlive/texmf-dist/fonts/type1/arphic/gbsnu/gbsnu50.pfb></usr/share
/texlive/texmf-dist/fonts/type1/arphic/gbsnu/gbsnu51.pfb></usr/share/texlive/te
xmf-dist/fonts/type1/arphic/gbsnu/gbsnu52.pfb></usr/share/texlive/texmf-dist/fo
nts/type1/arphic/gbsnu/gbsnu53.pfb></usr/share/texlive/texmf-dist/fonts/type1/a
rphic/gbsnu/gbsnu54.pfb></usr/share/texlive/texmf-dist/fonts/type1/arphic/gbsnu
/gbsnu56.pfb></usr/share/texlive/texmf-dist/fonts/type1/arphic/gbsnu/gbsnu57.pf
b></usr/share/texlive/texmf-dist/fonts/type1/arphic/gbsnu/gbsnu59.pfb></usr/sha
re/texlive/texmf-dist/fonts/type1/arphic/gbsnu/gbsnu5b.pfb></usr/share/texlive/
texmf-dist/fonts/type1/arphic/gbsnu/gbsnu5c.pfb></usr/share/texlive/texmf-dist/
fonts/type1/arphic/gbsnu/gbsnu5d.pfb></usr/share/texlive/texmf-dist/fonts/type1
/arphic/gbsnu/gbsnu5e.pfb></usr/share/texlive/texmf-dist/fonts/type1/arphic/gbs
nu/gbsnu5f.pfb></usr/share/texlive/texmf-dist/fonts/type1/arphic/gbsnu/gbsnu60.
pfb></usr/share/texlive/texmf-dist/fonts/type1/arphic/gbsnu/gbsnu61.pfb></usr/s
hare/texlive/texmf-dist/fonts/type1/arphic/gbsnu/gbsnu62.pfb></usr/share/texliv
e/texmf-dist/fonts/type1/arphic/gbsnu/gbsnu63.pfb></usr/share/texlive/texmf-dis
t/fonts/type1/arphic/gbsnu/gbsnu65.pfb></usr/share/texlive/texmf-dist/fonts/typ
e1/arphic/gbsnu/gbsnu66.pfb></usr/share/texlive/texmf-dist/fonts/type1/arphic/g
bsnu/gbsnu67.pfb></usr/share/texlive/texmf-dist/fonts/type1/arphic/gbsnu/gbsnu6
8.pfb></usr/share/texlive/texmf-dist/fonts/type1/arphic/gbsnu/gbsnu6a.pfb></usr
/share/texlive/texmf-dist/fonts/type1/arphic/gbsnu/gbsnu6b.pfb></usr/share/texl
ive/texmf-dist/fonts/type1/arphic/gbsnu/gbsnu6c.pfb></usr/share/texlive/texmf-d
ist/fonts/type1/arphic/gbsnu/gbsnu6d.pfb></usr/share/texlive/texmf-dist/fonts/t
ype1/arphic/gbsnu/gbsnu72.pfb></usr/share/texlive/texmf-dist/fonts/type1/arphic
/gbsnu/gbsnu73.pfb></usr/share/texlive/texmf-dist/fonts/type1/arphic/gbsnu/gbsn
u75.pfb></usr/share/texlive/texmf-dist/fonts/type1/arphic/gbsnu/gbsnu76.pfb></u
sr/share/texlive/texmf-dist/fonts/type1/arphic/gbsnu/gbsnu77.pfb></usr/share/te
xlive/texmf-dist/fonts/type1/arphic/gbsnu/gbsnu78.pfb></usr/share/texlive/texmf
-dist/fonts/type1/arphic/gbsnu/gbsnu7a.pfb></usr/share/texlive/texmf-dist/fonts
/type1/arphic/gbsnu/gbsnu7b.pfb></usr/share/texlive/texmf-dist/fonts/type1/arph
ic/gbsnu/gbsnu7c.pfb></usr/share/texlive/texmf-dist/fonts/type1/arphic/gbsnu/gb
snu7e.pfb></usr/share/texlive/texmf-dist/fonts/type1/arphic/gbsnu/gbsnu7f.pfb><
/usr/share/texlive/texmf-dist/fonts/type1/arphic/gbsnu/gbsnu80.pfb></usr/share/
texlive/texmf-dist/fonts/type1/arphic/gbsnu/gbsnu81.pfb></usr/share/texlive/tex
mf-dist/fonts/type1/arphic/gbsnu/gbsnu88.pfb></usr/share/texlive/texmf-dist/fon
ts/type1/arphic/gbsnu/gbsnu89.pfb></usr/share/texlive/texmf-dist/fonts/type1/ar
phic/gbsnu/gbsnu8b.pfb></usr/share/texlive/texmf-dist/fonts/type1/arphic/gbsnu/
gbsnu8c.pfb></usr/share/texlive/texmf-dist/fonts/type1/arphic/gbsnu/gbsnu8d.pfb
></usr/share/texlive/texmf-dist/fonts/type1/arphic/gbsnu/gbsnu8f.pfb></usr/shar
e/texlive/texmf-dist/fonts/type1/arphic/gbsnu/gbsnu90.pfb></usr/share/texlive/t
exmf-dist/fonts/type1/arphic/gbsnu/gbsnu91.pfb></usr/share/texlive/texmf-dist/f
onts/type1/arphic/gbsnu/gbsnu95.pfb></usr/share/texlive/texmf-dist/fonts/type1/
arphic/gbsnu/gbsnu96.pfb></usr/share/texlive/texmf-dist/fonts/type1/arphic/gbsn
u/gbsnu98.pfb></usr/share/texlive/texmf-dist/fonts/type1/arphic/gbsnu/gbsnu9a.p
fb></usr/share/texlive/texmf-dist/fonts/type1/arphic/gbsnu/gbsnuff.pfb>
Output written on Vmmr.pdf (4 pages, 360413 bytes).
PDF statistics:
 329 PDF objects out of 1000 (max. 8388607)
 202 compressed objects within 3 object streams
 0 named destinations out of 1000 (max. 500000)
 217 words of extra memory for PDF output out of 10000 (max. 10000000)

